type: dynamic
pathname: /addStudent
params: null
---------------------------------------------
type: dynamic
pathname: /addStudent
params: grandNumber=1630341&studentInfo=%7B%22name%22%3A%2232%22%2C%22age%22%3A%2232%22%2C%22number%22%3A%221%22%2C%22region%22%3A%22%E6%B1%9F%E8%A5%BF%E7%9C%81%E6%8A%9A%E5%B7%9E%E5%B8%82%E4%B8%B4%E5%B7%9D%E5%8C%BA%22%2C%22date%22%3A%222019-06-23%22%2C%22tel%22%3A%22321%22%2C%22sex%22%3A%22%E7%94%B7%22%2C%22isMember%22%3A1%2C%22isPartyMember%22%3A1%7D
---------------------------------------------
type: dynamic
pathname: /addStudent
params: grandNumber=1630341&studentInfo=%7B%22name%22%3A%2232%22%2C%22age%22%3A%222%22%2C%22number%22%3A%22332%22%2C%22region%22%3A%22%E6%B1%9F%E8%A5%BF%E7%9C%81%E6%8A%9A%E5%B7%9E%E5%B8%82%E4%B8%B4%E5%B7%9D%E5%8C%BA%22%2C%22date%22%3A%222019-6-23%22%2C%22tel%22%3A%2211%22%2C%22sex%22%3A%22%E7%94%B7%22%2C%22isMember%22%3A1%2C%22isPartyMember%22%3A1%7D
---------------------------------------------
type: dynamic
pathname: /addStudent
params: grandNumber=1630341&studentInfo=%7B%22name%22%3A%2232%22%2C%22age%22%3A%222%22%2C%22number%22%3A%22332%22%2C%22region%22%3A%22%E6%B1%9F%E8%A5%BF%E7%9C%81%E6%8A%9A%E5%B7%9E%E5%B8%82%E4%B8%B4%E5%B7%9D%E5%8C%BA%22%2C%22date%22%3A%222019-6-23%22%2C%22tel%22%3A%2211%22%2C%22sex%22%3A%22%E7%94%B7%22%2C%22isMember%22%3A1%2C%22isPartyMember%22%3A1%7D
---------------------------------------------
type: dynamic
pathname: /addStudent
params: grandNumber=1630341&studentInfo=%7B%22name%22%3A%2232%22%2C%22age%22%3A%222%22%2C%22number%22%3A%22332%22%2C%22region%22%3A%22%E6%B1%9F%E8%A5%BF%E7%9C%81%E6%8A%9A%E5%B7%9E%E5%B8%82%E4%B8%B4%E5%B7%9D%E5%8C%BA%22%2C%22date%22%3A%222019-6-23%22%2C%22tel%22%3A%2211%22%2C%22sex%22%3A%22%E7%94%B7%22%2C%22isMember%22%3A1%2C%22isPartyMember%22%3A1%7D
---------------------------------------------
type: dynamic
pathname: /addStudent
params: grandNumber=1630341&studentInfo=%7B%22name%22%3A%2232%22%2C%22age%22%3A%222%22%2C%22number%22%3A%22332%22%2C%22region%22%3A%22%E6%B1%9F%E8%A5%BF%E7%9C%81%E6%8A%9A%E5%B7%9E%E5%B8%82%E4%B8%B4%E5%B7%9D%E5%8C%BA%22%2C%22date%22%3A%222019-6-23%22%2C%22tel%22%3A%2211%22%2C%22sex%22%3A%22%E7%94%B7%22%2C%22isMember%22%3A1%2C%22isPartyMember%22%3A1%7D
---------------------------------------------
type: dynamic
pathname: /addStudent
params: grandNumber=1630341&studentInfo=%7B%22name%22%3A%2232%22%2C%22age%22%3A%222%22%2C%22number%22%3A%22332%22%2C%22region%22%3A%22%E6%B1%9F%E8%A5%BF%E7%9C%81%E6%8A%9A%E5%B7%9E%E5%B8%82%E4%B8%B4%E5%B7%9D%E5%8C%BA%22%2C%22date%22%3A%222019-6-23%22%2C%22tel%22%3A%2211%22%2C%22sex%22%3A%22%E7%94%B7%22%2C%22isMember%22%3A1%2C%22isPartyMember%22%3A1%7D
---------------------------------------------
type: dynamic
pathname: /addStudent
params: grandNumber=1630341&studentInfo=%7B%22name%22%3A%2232%22%2C%22age%22%3A%222%22%2C%22number%22%3A%22332%22%2C%22region%22%3A%22%E6%B1%9F%E8%A5%BF%E7%9C%81%E6%8A%9A%E5%B7%9E%E5%B8%82%E4%B8%B4%E5%B7%9D%E5%8C%BA%22%2C%22date%22%3A%222019-6-23%22%2C%22tel%22%3A%2211%22%2C%22sex%22%3A%22%E7%94%B7%22%2C%22isMember%22%3A1%2C%22isPartyMember%22%3A1%7D
---------------------------------------------
type: dynamic
pathname: /addStudent
params: grandNumber=1630341&studentInfo=%7B%22name%22%3A%2232%22%2C%22age%22%3A%222%22%2C%22number%22%3A%22332%22%2C%22region%22%3A%22%E6%B1%9F%E8%A5%BF%E7%9C%81%E6%8A%9A%E5%B7%9E%E5%B8%82%E4%B8%B4%E5%B7%9D%E5%8C%BA%22%2C%22date%22%3A%222019-6-23%22%2C%22tel%22%3A%2211%22%2C%22sex%22%3A%22%E7%94%B7%22%2C%22isMember%22%3A1%2C%22isPartyMember%22%3A1%7D
---------------------------------------------
type: dynamic
pathname: /addStudent
params: grandNumber=1630341&studentInfo=%7B%22name%22%3A%2232%22%2C%22age%22%3A%222%22%2C%22number%22%3A%22332%22%2C%22region%22%3A%22%E6%B1%9F%E8%A5%BF%E7%9C%81%E6%8A%9A%E5%B7%9E%E5%B8%82%E4%B8%B4%E5%B7%9D%E5%8C%BA%22%2C%22date%22%3A%222019-6-23%22%2C%22tel%22%3A%2211%22%2C%22sex%22%3A%22%E7%94%B7%22%2C%22isMember%22%3A1%2C%22isPartyMember%22%3A1%7D
---------------------------------------------
type: dynamic
pathname: /addStudent
params: grandNumber=1630341&studentInfo=%7B%22name%22%3A%2232%22%2C%22age%22%3A%222%22%2C%22number%22%3A%22332%22%2C%22region%22%3A%22%E6%B1%9F%E8%A5%BF%E7%9C%81%E6%8A%9A%E5%B7%9E%E5%B8%82%E4%B8%B4%E5%B7%9D%E5%8C%BA%22%2C%22date%22%3A%222019-6-23%22%2C%22tel%22%3A%2211%22%2C%22sex%22%3A%22%E7%94%B7%22%2C%22isMember%22%3A1%2C%22isPartyMember%22%3A1%7D
---------------------------------------------
type: dynamic
pathname: /addStudent
params: grandNumber=1630341&studentInfo=%7B%22name%22%3A%2232%22%2C%22age%22%3A%222%22%2C%22number%22%3A%22332%22%2C%22region%22%3A%22%E6%B1%9F%E8%A5%BF%E7%9C%81%E6%8A%9A%E5%B7%9E%E5%B8%82%E4%B8%B4%E5%B7%9D%E5%8C%BA%22%2C%22date%22%3A%222019-6-23%22%2C%22tel%22%3A%2211%22%2C%22sex%22%3A%22%E7%94%B7%22%2C%22isMember%22%3A1%2C%22isPartyMember%22%3A1%7D
---------------------------------------------
type: dynamic
pathname: /addStudent
params: grandNumber=1630341&studentInfo=%7B%22name%22%3A%2232%22%2C%22age%22%3A%222%22%2C%22number%22%3A%22332%22%2C%22region%22%3A%22%E6%B1%9F%E8%A5%BF%E7%9C%81%E6%8A%9A%E5%B7%9E%E5%B8%82%E4%B8%B4%E5%B7%9D%E5%8C%BA%22%2C%22date%22%3A%222019-6-23%22%2C%22tel%22%3A%2211%22%2C%22sex%22%3A%22%E7%94%B7%22%2C%22isMember%22%3A1%2C%22isPartyMember%22%3A1%7D
---------------------------------------------
type: dynamic
pathname: /addStudent
params: grandNumber=1630341&studentInfo=%7B%22name%22%3A%2232%22%2C%22age%22%3A%222%22%2C%22number%22%3A%22332%22%2C%22region%22%3A%22%E6%B1%9F%E8%A5%BF%E7%9C%81%E6%8A%9A%E5%B7%9E%E5%B8%82%E4%B8%B4%E5%B7%9D%E5%8C%BA%22%2C%22date%22%3A%222019-6-23%22%2C%22tel%22%3A%2211%22%2C%22sex%22%3A%22%E7%94%B7%22%2C%22isMember%22%3A1%2C%22isPartyMember%22%3A1%7D
---------------------------------------------
type: dynamic
pathname: /addStudent
params: grandNumber=1630341&studentInfo=%7B%22name%22%3A%2232%22%2C%22age%22%3A%222%22%2C%22number%22%3A%22332%22%2C%22region%22%3A%22%E6%B1%9F%E8%A5%BF%E7%9C%81%E6%8A%9A%E5%B7%9E%E5%B8%82%E4%B8%B4%E5%B7%9D%E5%8C%BA%22%2C%22date%22%3A%222019-6-23%22%2C%22tel%22%3A%2211%22%2C%22sex%22%3A%22%E7%94%B7%22%2C%22isMember%22%3A1%2C%22isPartyMember%22%3A1%7D
---------------------------------------------
type: dynamic
pathname: /addStudent
params: grandNumber=1630341&studentInfo=%7B%22name%22%3A%2232%22%2C%22age%22%3A%222%22%2C%22number%22%3A%22332%22%2C%22region%22%3A%22%E6%B1%9F%E8%A5%BF%E7%9C%81%E6%8A%9A%E5%B7%9E%E5%B8%82%E4%B8%B4%E5%B7%9D%E5%8C%BA%22%2C%22date%22%3A%222019-6-23%22%2C%22tel%22%3A%2211%22%2C%22sex%22%3A%22%E7%94%B7%22%2C%22isMember%22%3A1%2C%22isPartyMember%22%3A1%7D
---------------------------------------------
type: dynamic
pathname: /addStudent
params: grandNumber=1630341&studentInfo=%7B%22name%22%3A%2232%22%2C%22age%22%3A%222%22%2C%22number%22%3A%22332%22%2C%22region%22%3A%22%E6%B1%9F%E8%A5%BF%E7%9C%81%E6%8A%9A%E5%B7%9E%E5%B8%82%E4%B8%B4%E5%B7%9D%E5%8C%BA%22%2C%22date%22%3A%222019-6-23%22%2C%22tel%22%3A%2211%22%2C%22sex%22%3A%22%E7%94%B7%22%2C%22isMember%22%3A1%2C%22isPartyMember%22%3A1%7D
---------------------------------------------
type: dynamic
pathname: /addStudent
params: grandNumber=1630341&studentInfo=%7B%22name%22%3A%2232%22%2C%22age%22%3A%222%22%2C%22number%22%3A%22332%22%2C%22region%22%3A%22%E6%B1%9F%E8%A5%BF%E7%9C%81%E6%8A%9A%E5%B7%9E%E5%B8%82%E4%B8%B4%E5%B7%9D%E5%8C%BA%22%2C%22date%22%3A%222019-6-23%22%2C%22tel%22%3A%2211%22%2C%22sex%22%3A%22%E7%94%B7%22%2C%22isMember%22%3A1%2C%22isPartyMember%22%3A1%7D
---------------------------------------------
type: dynamic
pathname: /addStudent
params: grandNumber=1630341&studentInfo=%7B%22name%22%3A%2232%22%2C%22age%22%3A%2232%22%2C%22number%22%3A%222%22%2C%22region%22%3A%22%E6%B1%9F%E8%A5%BF%E7%9C%81%E6%8A%9A%E5%B7%9E%E5%B8%82%E4%B8%B4%E5%B7%9D%E5%8C%BA%22%2C%22date%22%3A%222019-6-23%22%2C%22tel%22%3A%2223232%22%2C%22sex%22%3A%22%E7%94%B7%22%2C%22isMember%22%3A1%2C%22isPartyMember%22%3A1%7D
---------------------------------------------
type: dynamic
pathname: /addStudent
params: grandNumber=1630341&studentInfo=%7B%22name%22%3A%2232%22%2C%22age%22%3A%2232%22%2C%22number%22%3A%222%22%2C%22region%22%3A%22%E6%B1%9F%E8%A5%BF%E7%9C%81%E6%8A%9A%E5%B7%9E%E5%B8%82%E4%B8%B4%E5%B7%9D%E5%8C%BA%22%2C%22date%22%3A%222019-6-23%22%2C%22tel%22%3A%2223232%22%2C%22sex%22%3A%22%E7%94%B7%22%2C%22isMember%22%3A1%2C%22isPartyMember%22%3A1%7D
---------------------------------------------
type: dynamic
pathname: /addStudent
params: grandNumber=1630341&studentInfo=%7B%22name%22%3A%2232%22%2C%22age%22%3A%2232%22%2C%22number%22%3A%222%22%2C%22region%22%3A%22%E6%B1%9F%E8%A5%BF%E7%9C%81%E6%8A%9A%E5%B7%9E%E5%B8%82%E4%B8%B4%E5%B7%9D%E5%8C%BA%22%2C%22date%22%3A%222019-6-23%22%2C%22tel%22%3A%2223232%22%2C%22sex%22%3A%22%E7%94%B7%22%2C%22isMember%22%3A1%2C%22isPartyMember%22%3A1%7D
---------------------------------------------
type: dynamic
pathname: /addStudent
params: grandNumber=1630341&studentInfo=%7B%22name%22%3A%2232%22%2C%22age%22%3A%2232%22%2C%22number%22%3A%222%22%2C%22region%22%3A%22%E6%B1%9F%E8%A5%BF%E7%9C%81%E6%8A%9A%E5%B7%9E%E5%B8%82%E4%B8%B4%E5%B7%9D%E5%8C%BA%22%2C%22date%22%3A%222019-6-23%22%2C%22tel%22%3A%2223232%22%2C%22sex%22%3A%22%E7%94%B7%22%2C%22isMember%22%3A1%2C%22isPartyMember%22%3A1%7D
---------------------------------------------
type: dynamic
pathname: /addStudent
params: grandNumber=1630341&studentInfo=%7B%22name%22%3A%2232%22%2C%22age%22%3A%2232%22%2C%22number%22%3A%222%22%2C%22region%22%3A%22%E6%B1%9F%E8%A5%BF%E7%9C%81%E6%8A%9A%E5%B7%9E%E5%B8%82%E4%B8%B4%E5%B7%9D%E5%8C%BA%22%2C%22date%22%3A%222019-6-23%22%2C%22tel%22%3A%2223232%22%2C%22sex%22%3A%22%E7%94%B7%22%2C%22isMember%22%3A1%2C%22isPartyMember%22%3A1%7D
---------------------------------------------
type: dynamic
pathname: /addStudent
params: grandNumber=1630341&studentInfo=%7B%22name%22%3A%2232%22%2C%22age%22%3A%2232%22%2C%22number%22%3A%222%22%2C%22region%22%3A%22%E6%B1%9F%E8%A5%BF%E7%9C%81%E6%8A%9A%E5%B7%9E%E5%B8%82%E4%B8%B4%E5%B7%9D%E5%8C%BA%22%2C%22date%22%3A%222019-6-23%22%2C%22tel%22%3A%2223232%22%2C%22sex%22%3A%22%E7%94%B7%22%2C%22isMember%22%3A1%2C%22isPartyMember%22%3A1%7D
---------------------------------------------
type: dynamic
pathname: /addStudent
params: grandNumber=1630341&studentInfo=%7B%22name%22%3A%2232%22%2C%22age%22%3A%2232%22%2C%22number%22%3A%222%22%2C%22region%22%3A%22%E6%B1%9F%E8%A5%BF%E7%9C%81%E6%8A%9A%E5%B7%9E%E5%B8%82%E4%B8%B4%E5%B7%9D%E5%8C%BA%22%2C%22date%22%3A%222019-6-23%22%2C%22tel%22%3A%2223232%22%2C%22sex%22%3A%22%E7%94%B7%22%2C%22isMember%22%3A1%2C%22isPartyMember%22%3A1%7D
---------------------------------------------
type: dynamic
pathname: /addStudent
params: grandNumber=1630341&studentInfo=%7B%22name%22%3A%2232%22%2C%22age%22%3A%2232%22%2C%22number%22%3A%222%22%2C%22region%22%3A%22%E6%B1%9F%E8%A5%BF%E7%9C%81%E6%8A%9A%E5%B7%9E%E5%B8%82%E4%B8%B4%E5%B7%9D%E5%8C%BA%22%2C%22date%22%3A%222019-6-23%22%2C%22tel%22%3A%2223232%22%2C%22sex%22%3A%22%E7%94%B7%22%2C%22isMember%22%3A1%2C%22isPartyMember%22%3A1%7D
---------------------------------------------
type: dynamic
pathname: /addStudent
params: grandNumber=1630341&studentInfo=%7B%22name%22%3A%2232%22%2C%22age%22%3A%2232%22%2C%22number%22%3A%222%22%2C%22region%22%3A%22%E6%B1%9F%E8%A5%BF%E7%9C%81%E6%8A%9A%E5%B7%9E%E5%B8%82%E4%B8%B4%E5%B7%9D%E5%8C%BA%22%2C%22date%22%3A%222019-6-23%22%2C%22tel%22%3A%2223232%22%2C%22sex%22%3A%22%E7%94%B7%22%2C%22isMember%22%3A1%2C%22isPartyMember%22%3A1%7D
---------------------------------------------
type: dynamic
pathname: /addStudent
params: grandNumber=1630341&studentInfo=%7B%22name%22%3A%2232%22%2C%22age%22%3A%2232%22%2C%22number%22%3A%222%22%2C%22region%22%3A%22%E6%B1%9F%E8%A5%BF%E7%9C%81%E6%8A%9A%E5%B7%9E%E5%B8%82%E4%B8%B4%E5%B7%9D%E5%8C%BA%22%2C%22date%22%3A%222019-6-23%22%2C%22tel%22%3A%2223232%22%2C%22sex%22%3A%22%E7%94%B7%22%2C%22isMember%22%3A1%2C%22isPartyMember%22%3A1%7D
---------------------------------------------
type: dynamic
pathname: /addStudent
params: grandNumber=1630341&studentInfo=%7B%22name%22%3A%2232%22%2C%22age%22%3A%2232%22%2C%22number%22%3A%222%22%2C%22region%22%3A%22%E6%B1%9F%E8%A5%BF%E7%9C%81%E6%8A%9A%E5%B7%9E%E5%B8%82%E4%B8%B4%E5%B7%9D%E5%8C%BA%22%2C%22date%22%3A%222019-6-23%22%2C%22tel%22%3A%2223232%22%2C%22sex%22%3A%22%E7%94%B7%22%2C%22isMember%22%3A1%2C%22isPartyMember%22%3A1%7D
---------------------------------------------
type: dynamic
pathname: /addStudent
params: grandNumber=1630341&studentInfo=%7B%22name%22%3A%2232%22%2C%22age%22%3A%2232%22%2C%22number%22%3A%222%22%2C%22region%22%3A%22%E6%B1%9F%E8%A5%BF%E7%9C%81%E6%8A%9A%E5%B7%9E%E5%B8%82%E4%B8%B4%E5%B7%9D%E5%8C%BA%22%2C%22date%22%3A%222019-6-23%22%2C%22tel%22%3A%2223232%22%2C%22sex%22%3A%22%E7%94%B7%22%2C%22isMember%22%3A1%2C%22isPartyMember%22%3A1%7D
---------------------------------------------
type: dynamic
pathname: /addStudent
params: grandNumber=1630341&studentInfo=%7B%22name%22%3A%2232%22%2C%22age%22%3A%2232%22%2C%22number%22%3A%222%22%2C%22region%22%3A%22%E6%B1%9F%E8%A5%BF%E7%9C%81%E6%8A%9A%E5%B7%9E%E5%B8%82%E4%B8%B4%E5%B7%9D%E5%8C%BA%22%2C%22date%22%3A%222019-6-23%22%2C%22tel%22%3A%2223232%22%2C%22sex%22%3A%22%E7%94%B7%22%2C%22isMember%22%3A1%2C%22isPartyMember%22%3A1%7D
---------------------------------------------
type: dynamic
pathname: /addStudent
params: grandNumber=1630341&studentInfo=%7B%22name%22%3A%2232%22%2C%22age%22%3A%2232%22%2C%22number%22%3A%222%22%2C%22region%22%3A%22%E6%B1%9F%E8%A5%BF%E7%9C%81%E6%8A%9A%E5%B7%9E%E5%B8%82%E4%B8%B4%E5%B7%9D%E5%8C%BA%22%2C%22date%22%3A%222019-6-23%22%2C%22tel%22%3A%2223232%22%2C%22sex%22%3A%22%E7%94%B7%22%2C%22isMember%22%3A1%2C%22isPartyMember%22%3A1%7D
---------------------------------------------
type: dynamic
pathname: /addStudent
params: grandNumber=1630341&studentInfo=%7B%22name%22%3A%2232%22%2C%22age%22%3A%2232%22%2C%22number%22%3A%222%22%2C%22region%22%3A%22%E6%B1%9F%E8%A5%BF%E7%9C%81%E6%8A%9A%E5%B7%9E%E5%B8%82%E4%B8%B4%E5%B7%9D%E5%8C%BA%22%2C%22date%22%3A%222019-6-23%22%2C%22tel%22%3A%2223232%22%2C%22sex%22%3A%22%E7%94%B7%22%2C%22isMember%22%3A1%2C%22isPartyMember%22%3A1%7D
---------------------------------------------
type: dynamic
pathname: /addStudent
params: grandNumber=1630341&studentInfo=%7B%22name%22%3A%2232%22%2C%22age%22%3A%2232%22%2C%22number%22%3A%222%22%2C%22region%22%3A%22%E6%B1%9F%E8%A5%BF%E7%9C%81%E6%8A%9A%E5%B7%9E%E5%B8%82%E4%B8%B4%E5%B7%9D%E5%8C%BA%22%2C%22date%22%3A%222019-6-23%22%2C%22tel%22%3A%2223232%22%2C%22sex%22%3A%22%E7%94%B7%22%2C%22isMember%22%3A1%2C%22isPartyMember%22%3A1%7D
---------------------------------------------
type: dynamic
pathname: /addStudent
params: grandNumber=1630341&studentInfo=%7B%22name%22%3A%2232%22%2C%22age%22%3A%2232%22%2C%22number%22%3A%222%22%2C%22region%22%3A%22%E6%B1%9F%E8%A5%BF%E7%9C%81%E6%8A%9A%E5%B7%9E%E5%B8%82%E4%B8%B4%E5%B7%9D%E5%8C%BA%22%2C%22date%22%3A%222019-6-23%22%2C%22tel%22%3A%2223232%22%2C%22sex%22%3A%22%E7%94%B7%22%2C%22isMember%22%3A1%2C%22isPartyMember%22%3A1%7D
---------------------------------------------
type: dynamic
pathname: /addStudent
params: grandNumber=1630341&studentInfo=%7B%22name%22%3A%2232%22%2C%22age%22%3A%2232%22%2C%22number%22%3A%222%22%2C%22region%22%3A%22%E6%B1%9F%E8%A5%BF%E7%9C%81%E6%8A%9A%E5%B7%9E%E5%B8%82%E4%B8%B4%E5%B7%9D%E5%8C%BA%22%2C%22date%22%3A%222019-6-23%22%2C%22tel%22%3A%2223232%22%2C%22sex%22%3A%22%E7%94%B7%22%2C%22isMember%22%3A1%2C%22isPartyMember%22%3A1%7D
---------------------------------------------
type: dynamic
pathname: /addStudent
params: grandNumber=1630341&studentInfo=%7B%22name%22%3A%2232%22%2C%22age%22%3A%2232%22%2C%22number%22%3A%222%22%2C%22region%22%3A%22%E6%B1%9F%E8%A5%BF%E7%9C%81%E6%8A%9A%E5%B7%9E%E5%B8%82%E4%B8%B4%E5%B7%9D%E5%8C%BA%22%2C%22date%22%3A%222019-6-23%22%2C%22tel%22%3A%2223232%22%2C%22sex%22%3A%22%E7%94%B7%22%2C%22isMember%22%3A1%2C%22isPartyMember%22%3A1%7D
---------------------------------------------
type: dynamic
pathname: /addStudent
params: grandNumber=1630341&studentInfo=%7B%22name%22%3A%2232%22%2C%22age%22%3A%2232%22%2C%22number%22%3A%222%22%2C%22region%22%3A%22%E6%B1%9F%E8%A5%BF%E7%9C%81%E6%8A%9A%E5%B7%9E%E5%B8%82%E4%B8%B4%E5%B7%9D%E5%8C%BA%22%2C%22date%22%3A%222019-6-23%22%2C%22tel%22%3A%2223232%22%2C%22sex%22%3A%22%E7%94%B7%22%2C%22isMember%22%3A1%2C%22isPartyMember%22%3A1%7D
---------------------------------------------
type: dynamic
pathname: /addStudent
params: grandNumber=1630341&studentInfo=%7B%22name%22%3A%2232%22%2C%22age%22%3A%2232%22%2C%22number%22%3A%222%22%2C%22region%22%3A%22%E6%B1%9F%E8%A5%BF%E7%9C%81%E6%8A%9A%E5%B7%9E%E5%B8%82%E4%B8%B4%E5%B7%9D%E5%8C%BA%22%2C%22date%22%3A%222019-6-23%22%2C%22tel%22%3A%2223232%22%2C%22sex%22%3A%22%E7%94%B7%22%2C%22isMember%22%3A1%2C%22isPartyMember%22%3A1%7D
---------------------------------------------
type: dynamic
pathname: /addStudent
params: grandNumber=1630341&studentInfo=%7B%22name%22%3A%2232%22%2C%22age%22%3A%2232%22%2C%22number%22%3A%222%22%2C%22region%22%3A%22%E6%B1%9F%E8%A5%BF%E7%9C%81%E6%8A%9A%E5%B7%9E%E5%B8%82%E4%B8%B4%E5%B7%9D%E5%8C%BA%22%2C%22date%22%3A%222019-6-23%22%2C%22tel%22%3A%2223232%22%2C%22sex%22%3A%22%E7%94%B7%22%2C%22isMember%22%3A1%2C%22isPartyMember%22%3A1%7D
---------------------------------------------
type: dynamic
pathname: /addStudent
params: grandNumber=1630341&studentInfo=%7B%22name%22%3A%2232%22%2C%22age%22%3A%2232%22%2C%22number%22%3A%222%22%2C%22region%22%3A%22%E6%B1%9F%E8%A5%BF%E7%9C%81%E6%8A%9A%E5%B7%9E%E5%B8%82%E4%B8%B4%E5%B7%9D%E5%8C%BA%22%2C%22date%22%3A%222019-6-23%22%2C%22tel%22%3A%2223232%22%2C%22sex%22%3A%22%E7%94%B7%22%2C%22isMember%22%3A1%2C%22isPartyMember%22%3A1%7D
---------------------------------------------
type: dynamic
pathname: /addStudent
params: grandNumber=1630341&studentInfo=%7B%22name%22%3A%2232%22%2C%22age%22%3A%2232%22%2C%22number%22%3A%222%22%2C%22region%22%3A%22%E6%B1%9F%E8%A5%BF%E7%9C%81%E6%8A%9A%E5%B7%9E%E5%B8%82%E4%B8%B4%E5%B7%9D%E5%8C%BA%22%2C%22date%22%3A%222019-6-23%22%2C%22tel%22%3A%2223232%22%2C%22sex%22%3A%22%E7%94%B7%22%2C%22isMember%22%3A1%2C%22isPartyMember%22%3A1%7D
---------------------------------------------
type: dynamic
pathname: /addStudent
params: grandNumber=1630341&studentInfo=%7B%22name%22%3A%2232%22%2C%22age%22%3A%2232%22%2C%22number%22%3A%222%22%2C%22region%22%3A%22%E6%B1%9F%E8%A5%BF%E7%9C%81%E6%8A%9A%E5%B7%9E%E5%B8%82%E4%B8%B4%E5%B7%9D%E5%8C%BA%22%2C%22date%22%3A%222019-6-23%22%2C%22tel%22%3A%2223232%22%2C%22sex%22%3A%22%E7%94%B7%22%2C%22isMember%22%3A1%2C%22isPartyMember%22%3A1%7D
---------------------------------------------
type: dynamic
pathname: /addStudent
params: grandNumber=1630341&studentInfo=%7B%22name%22%3A%2232%22%2C%22age%22%3A%2232%22%2C%22number%22%3A%222%22%2C%22region%22%3A%22%E6%B1%9F%E8%A5%BF%E7%9C%81%E6%8A%9A%E5%B7%9E%E5%B8%82%E4%B8%B4%E5%B7%9D%E5%8C%BA%22%2C%22date%22%3A%222019-6-23%22%2C%22tel%22%3A%2223232%22%2C%22sex%22%3A%22%E7%94%B7%22%2C%22isMember%22%3A1%2C%22isPartyMember%22%3A1%7D
---------------------------------------------
type: dynamic
pathname: /addStudent
params: grandNumber=1630341&studentInfo=%7B%22name%22%3A%2232%22%2C%22age%22%3A%2232%22%2C%22number%22%3A%222%22%2C%22region%22%3A%22%E6%B1%9F%E8%A5%BF%E7%9C%81%E6%8A%9A%E5%B7%9E%E5%B8%82%E4%B8%B4%E5%B7%9D%E5%8C%BA%22%2C%22date%22%3A%222019-6-23%22%2C%22tel%22%3A%2223232%22%2C%22sex%22%3A%22%E7%94%B7%22%2C%22isMember%22%3A1%2C%22isPartyMember%22%3A1%7D
---------------------------------------------
type: dynamic
pathname: /addStudent
params: grandNumber=1630341&studentInfo=%7B%22name%22%3A%2232%22%2C%22age%22%3A%2232%22%2C%22number%22%3A%222%22%2C%22region%22%3A%22%E6%B1%9F%E8%A5%BF%E7%9C%81%E6%8A%9A%E5%B7%9E%E5%B8%82%E4%B8%B4%E5%B7%9D%E5%8C%BA%22%2C%22date%22%3A%222019-6-23%22%2C%22tel%22%3A%2223232%22%2C%22sex%22%3A%22%E7%94%B7%22%2C%22isMember%22%3A1%2C%22isPartyMember%22%3A1%7D
---------------------------------------------
type: dynamic
pathname: /addStudent
params: grandNumber=1630341&studentInfo=%7B%22name%22%3A%2232%22%2C%22age%22%3A%2232%22%2C%22number%22%3A%222%22%2C%22region%22%3A%22%E6%B1%9F%E8%A5%BF%E7%9C%81%E6%8A%9A%E5%B7%9E%E5%B8%82%E4%B8%B4%E5%B7%9D%E5%8C%BA%22%2C%22date%22%3A%222019-6-23%22%2C%22tel%22%3A%2223232%22%2C%22sex%22%3A%22%E7%94%B7%22%2C%22isMember%22%3A1%2C%22isPartyMember%22%3A1%7D
---------------------------------------------
type: dynamic
pathname: /addStudent
params: grandNumber=1630341&studentInfo=%7B%22name%22%3A%2232%22%2C%22age%22%3A%2232%22%2C%22number%22%3A%222%22%2C%22region%22%3A%22%E6%B1%9F%E8%A5%BF%E7%9C%81%E6%8A%9A%E5%B7%9E%E5%B8%82%E4%B8%B4%E5%B7%9D%E5%8C%BA%22%2C%22date%22%3A%222019-6-23%22%2C%22tel%22%3A%2223232%22%2C%22sex%22%3A%22%E7%94%B7%22%2C%22isMember%22%3A1%2C%22isPartyMember%22%3A1%7D
---------------------------------------------
type: dynamic
pathname: /getStudentSomeInfo
params: grandNumber=1630341
---------------------------------------------
type: dynamic
pathname: /getStudentSomeInfo
params: grandNumber=1630341
---------------------------------------------
type: dynamic
pathname: /getStudentSomeInfo
params: grandNumber=1630341
---------------------------------------------
type: dynamic
pathname: /getStudentSomeInfo
params: grandNumber=1630341
---------------------------------------------
type: dynamic
pathname: /getSingleStudentAllInfo
params: grandNumber=1630341&number=2
---------------------------------------------
type: dynamic
pathname: /getStudentSomeInfo
params: grandNumber=1630341
---------------------------------------------
type: dynamic
pathname: /deleteStudent
params: grandNumber=1630341&number=2
---------------------------------------------
type: dynamic
pathname: /getStudentSomeInfo
params: grandNumber=1630341
---------------------------------------------
type: dynamic
pathname: /addStudent
params: grandNumber=1630341&studentInfo=%7B%22name%22%3A%22%E5%B0%8F%E4%BC%99%E5%AD%90%22%2C%22age%22%3A%2242%22%2C%22number%22%3A%2232%22%2C%22region%22%3A%22%E6%B1%9F%E8%A5%BF%E7%9C%81%E6%8A%9A%E5%B7%9E%E5%B8%82%E4%B8%B4%E5%B7%9D%E5%8C%BA%22%2C%22date%22%3A%222019-6-23%22%2C%22tel%22%3A%22312312%22%2C%22sex%22%3A%22%E7%94%B7%22%2C%22isMember%22%3A1%2C%22isPartyMember%22%3A1%7D
---------------------------------------------
type: dynamic
pathname: /getStudentSomeInfo
params: grandNumber=1630341
---------------------------------------------
type: dynamic
pathname: /getStudentSomeInfo
params: grandNumber=1630341
---------------------------------------------
type: dynamic
pathname: /getStudentSomeInfo
params: grandNumber=1630341
---------------------------------------------
type: dynamic
pathname: /getStudentSomeInfo
params: grandNumber=1630341
---------------------------------------------
type: dynamic
pathname: /addStudent
params: grandNumber=1630341&studentInfo=%7B%22name%22%3A%22%E5%B0%8F%E4%BC%99%E5%AD%90%22%2C%22age%22%3A%2232%22%2C%22number%22%3A%22123%22%2C%22region%22%3A%22%E6%B1%9F%E8%A5%BF%E7%9C%81%E6%8A%9A%E5%B7%9E%E5%B8%82%E4%B8%B4%E5%B7%9D%E5%8C%BA%22%2C%22date%22%3A%222019-6-23%22%2C%22tel%22%3A%2223%22%2C%22sex%22%3A%22%E7%94%B7%22%2C%22isMember%22%3A1%2C%22isPartyMember%22%3A1%7D
---------------------------------------------
type: dynamic
pathname: /addStudent
params: grandNumber=1630341&studentInfo=%7B%22name%22%3A%22%E5%B0%8F%E4%BC%99%E5%AD%90%22%2C%22age%22%3A%2232%22%2C%22number%22%3A%22123%22%2C%22region%22%3A%22%E6%B1%9F%E8%A5%BF%E7%9C%81%E6%8A%9A%E5%B7%9E%E5%B8%82%E4%B8%B4%E5%B7%9D%E5%8C%BA%22%2C%22date%22%3A%222019-6-23%22%2C%22tel%22%3A%2223%22%2C%22sex%22%3A%22%E7%94%B7%22%2C%22isMember%22%3A1%2C%22isPartyMember%22%3A1%7D
---------------------------------------------
type: dynamic
pathname: /addStudent
params: grandNumber=1630341&studentInfo=%7B%22name%22%3A%22%E5%B0%8F%E4%BC%99%E5%AD%90%22%2C%22age%22%3A%2232%22%2C%22number%22%3A%22123%22%2C%22region%22%3A%22%E6%B1%9F%E8%A5%BF%E7%9C%81%E6%8A%9A%E5%B7%9E%E5%B8%82%E4%B8%B4%E5%B7%9D%E5%8C%BA%22%2C%22date%22%3A%222019-6-23%22%2C%22tel%22%3A%2223%22%2C%22sex%22%3A%22%E7%94%B7%22%2C%22isMember%22%3A1%2C%22isPartyMember%22%3A1%7D
---------------------------------------------
type: dynamic
pathname: /addStudent
params: grandNumber=1630341&studentInfo=%7B%22name%22%3A%22%E5%B0%8F%E4%BC%99%E5%AD%90%22%2C%22age%22%3A%2232%22%2C%22number%22%3A%22123%22%2C%22region%22%3A%22%E6%B1%9F%E8%A5%BF%E7%9C%81%E6%8A%9A%E5%B7%9E%E5%B8%82%E4%B8%B4%E5%B7%9D%E5%8C%BA%22%2C%22date%22%3A%222019-6-23%22%2C%22tel%22%3A%2223%22%2C%22sex%22%3A%22%E7%94%B7%22%2C%22isMember%22%3A1%2C%22isPartyMember%22%3A1%7D
---------------------------------------------
type: dynamic
pathname: /addStudent
params: grandNumber=1630341&studentInfo=%7B%22name%22%3A%22%E5%B0%8F%E4%BC%99%E5%AD%90%22%2C%22age%22%3A%2232%22%2C%22number%22%3A%22123%22%2C%22region%22%3A%22%E6%B1%9F%E8%A5%BF%E7%9C%81%E6%8A%9A%E5%B7%9E%E5%B8%82%E4%B8%B4%E5%B7%9D%E5%8C%BA%22%2C%22date%22%3A%222019-6-23%22%2C%22tel%22%3A%2223%22%2C%22sex%22%3A%22%E7%94%B7%22%2C%22isMember%22%3A1%2C%22isPartyMember%22%3A1%7D
---------------------------------------------
type: dynamic
pathname: /addStudent
params: grandNumber=1630341&studentInfo=%7B%22name%22%3A%22%E5%B0%8F%E4%BC%99%E5%AD%90%22%2C%22age%22%3A%2232%22%2C%22number%22%3A%22123%22%2C%22region%22%3A%22%E6%B1%9F%E8%A5%BF%E7%9C%81%E6%8A%9A%E5%B7%9E%E5%B8%82%E4%B8%B4%E5%B7%9D%E5%8C%BA%22%2C%22date%22%3A%222019-6-23%22%2C%22tel%22%3A%2223%22%2C%22sex%22%3A%22%E7%94%B7%22%2C%22isMember%22%3A1%2C%22isPartyMember%22%3A1%7D
---------------------------------------------
type: dynamic
pathname: /addStudent
params: grandNumber=1630341&studentInfo=%7B%22name%22%3A%22%E5%B0%8F%E4%BC%99%E5%AD%90%22%2C%22age%22%3A%2232%22%2C%22number%22%3A%22123%22%2C%22region%22%3A%22%E6%B1%9F%E8%A5%BF%E7%9C%81%E6%8A%9A%E5%B7%9E%E5%B8%82%E4%B8%B4%E5%B7%9D%E5%8C%BA%22%2C%22date%22%3A%222019-6-23%22%2C%22tel%22%3A%2223%22%2C%22sex%22%3A%22%E7%94%B7%22%2C%22isMember%22%3A1%2C%22isPartyMember%22%3A1%7D
---------------------------------------------
type: dynamic
pathname: /addStudent
params: grandNumber=1630341&studentInfo=%7B%22name%22%3A%22%E5%B0%8F%E4%BC%99%E5%AD%90%22%2C%22age%22%3A%2232%22%2C%22number%22%3A%22123%22%2C%22region%22%3A%22%E6%B1%9F%E8%A5%BF%E7%9C%81%E6%8A%9A%E5%B7%9E%E5%B8%82%E4%B8%B4%E5%B7%9D%E5%8C%BA%22%2C%22date%22%3A%222019-6-23%22%2C%22tel%22%3A%2223%22%2C%22sex%22%3A%22%E7%94%B7%22%2C%22isMember%22%3A1%2C%22isPartyMember%22%3A1%7D
---------------------------------------------
type: dynamic
pathname: /getStudentSomeInfo
params: grandNumber=1630341
---------------------------------------------
type: dynamic
pathname: /getStudentSomeInfo
params: grandNumber=1630341
---------------------------------------------
type: dynamic
pathname: /getStudentSomeInfo
params: grandNumber=1630341
---------------------------------------------
type: dynamic
pathname: /getSingleStudentAllInfo
params: grandNumber=1630341&number=123
---------------------------------------------
type: dynamic
pathname: /getStudentSomeInfo
params: grandNumber=1630341
---------------------------------------------
type: dynamic
pathname: /getSingleStudentAllInfo
params: grandNumber=1630341&number=123
---------------------------------------------
type: dynamic
pathname: /getStudentSomeInfo
params: grandNumber=1630341
---------------------------------------------
type: dynamic
pathname: /getSingleStudentAllInfo
params: grandNumber=1630341&number=123
---------------------------------------------
type: dynamic
pathname: /modifiedGrades
params: grandNumber=1630341&number=123&course=%E7%89%A9%E7%90%86&score=43
---------------------------------------------
type: dynamic
pathname: /getStudentSomeInfo
params: grandNumber=1630341
---------------------------------------------
type: dynamic
pathname: /getSingleStudentAllInfo
params: grandNumber=1630341&number=123
---------------------------------------------
type: dynamic
pathname: /getStudentSomeInfo
params: grandNumber=1630341
---------------------------------------------
type: dynamic
pathname: /getStudentSomeInfo
params: grandNumber=1630341
---------------------------------------------
type: dynamic
pathname: /getStudentSomeInfo
params: grandNumber=1630341
---------------------------------------------
type: dynamic
pathname: /getStudentSomeInfo
params: grandNumber=1630341
---------------------------------------------
type: dynamic
pathname: /getStudentSomeInfo
params: grandNumber=1630341
---------------------------------------------
type: dynamic
pathname: /getStudentSomeInfo
params: grandNumber=1630341
---------------------------------------------
type: dynamic
pathname: /searchStudent
params: grandNumber=1630341&data=32
---------------------------------------------
type: dynamic
pathname: /isAdmin
params: name=%E5%BC%A0%E4%B8%89&jobNumber=1001
---------------------------------------------
type: dynamic
pathname: /getStudentSomeInfo
params: grandNumber=1630341
---------------------------------------------
type: dynamic
pathname: /getSingleStudentAllInfo
params: grandNumber=1630341&number=3
---------------------------------------------
type: dynamic
pathname: /addStudent
params: grandNumber=1630341&studentInfo=%7B%22name%22%3A%22%E5%AE%B6%E5%85%B7%22%2C%22age%22%3A%2232%22%2C%22number%22%3A%222%22%2C%22region%22%3A%22%E6%B1%9F%E8%A5%BF%E7%9C%81%E6%8A%9A%E5%B7%9E%E5%B8%82%E4%B8%B4%E5%B7%9D%E5%8C%BA%22%2C%22date%22%3A%222019-06-23%22%2C%22tel%22%3A%2232%22%2C%22sex%22%3A%22%E5%A5%B3%22%2C%22isMember%22%3A0%2C%22isPartyMember%22%3A1%7D
---------------------------------------------
type: dynamic
pathname: /getStudentSomeInfo
params: grandNumber=1630341
---------------------------------------------
type: dynamic
pathname: /getSingleStudentAllInfo
params: grandNumber=1630341&number=2
---------------------------------------------
type: dynamic
pathname: /getStudentSomeInfo
params: grandNumber=1630341
---------------------------------------------
type: dynamic
pathname: /searchStudent
params: grandNumber=1630341&data=43
---------------------------------------------
type: dynamic
pathname: /searchStudent
params: grandNumber=1630341&data=43
---------------------------------------------
type: dynamic
pathname: /searchStudent
params: grandNumber=1630341&data=43
---------------------------------------------
type: dynamic
pathname: /searchStudent
params: grandNumber=1630341&data=43
---------------------------------------------
type: dynamic
pathname: /searchStudent
params: grandNumber=1630341&data=43
---------------------------------------------
type: dynamic
pathname: /searchStudent
params: grandNumber=1630341&data=43
---------------------------------------------
type: dynamic
pathname: /getSingleStudentAllInfo
params: grandNumber=3&number=undefined
---------------------------------------------
type: dynamic
pathname: /getStudentSomeInfo
params: grandNumber=1630341
---------------------------------------------
type: dynamic
pathname: /getSingleStudentAllInfo
params: grandNumber=1630341&number=3
---------------------------------------------
type: dynamic
pathname: /getSingleStudentAllInfo
params: grandNumber=1630341&number=3
---------------------------------------------
type: dynamic
pathname: /getStudentSomeInfo
params: grandNumber=1630341
---------------------------------------------
type: dynamic
pathname: /getSingleStudentAllInfo
params: grandNumber=1630341&number=3
---------------------------------------------
type: dynamic
pathname: /getStudentSomeInfo
params: grandNumber=1630341
---------------------------------------------
type: dynamic
pathname: /getSingleStudentAllInfo
params: grandNumber=1630341&number=3
---------------------------------------------
type: dynamic
pathname: /getStudentSomeInfo
params: grandNumber=1630341
---------------------------------------------
type: dynamic
pathname: /searchStudent
params: grandNumber=1630341&data=3
---------------------------------------------
type: dynamic
pathname: /searchStudent
params: grandNumber=1630341&data=3
---------------------------------------------
type: dynamic
pathname: /searchStudent
params: grandNumber=1630341&data=3
---------------------------------------------
type: dynamic
pathname: /searchStudent
params: grandNumber=1630341&data=3
---------------------------------------------
type: dynamic
pathname: /getSingleStudentAllInfo
params: grandNumber=3&number=undefined
---------------------------------------------
type: dynamic
pathname: /getSingleStudentAllInfo
params: grandNumber=3&number=undefined
---------------------------------------------
type: dynamic
pathname: /searchStudent
params: grandNumber=1630341&data=32
---------------------------------------------
type: dynamic
pathname: /searchStudent
params: grandNumber=1630341&data=1
---------------------------------------------
type: dynamic
pathname: /searchStudent
params: grandNumber=1630341&data=1
---------------------------------------------
type: dynamic
pathname: /searchStudent
params: grandNumber=1630341&data=1
---------------------------------------------
type: dynamic
pathname: /searchStudent
params: grandNumber=1630341&data=1
---------------------------------------------
type: dynamic
pathname: /searchStudent
params: grandNumber=1630341&data=1
---------------------------------------------
type: dynamic
pathname: /searchStudent
params: grandNumber=1630341&data=1
---------------------------------------------
type: dynamic
pathname: /searchStudent
params: grandNumber=1630341&data=1
---------------------------------------------
type: dynamic
pathname: /deleteStudent
params: grandNumber=1630341&number=123
---------------------------------------------
type: dynamic
pathname: /searchStudent
params: grandNumber=1630341&data=1
---------------------------------------------
type: dynamic
pathname: /searchStudent
params: grandNumber=1630341&data=1
---------------------------------------------
type: dynamic
pathname: /getSingleStudentAllInfo
params: grandNumber=1&number=undefined
---------------------------------------------
type: dynamic
pathname: /searchStudent
params: grandNumber=1630341&data=%E5%B0%8F
---------------------------------------------
type: dynamic
pathname: /getSingleStudentAllInfo
params: grandNumber=1&number=undefined
---------------------------------------------
type: dynamic
pathname: /searchStudent
params: grandNumber=1630341&data=%E5%B0%8F
---------------------------------------------
type: dynamic
pathname: /getSingleStudentAllInfo
params: grandNumber=1630341&number=3
---------------------------------------------
type: dynamic
pathname: /isAdmin
params: name=%E5%BC%A0%E4%B8%89&jobNumber=1001
---------------------------------------------
type: dynamic
pathname: /getStudentSomeInfo
params: grandNumber=1630341
---------------------------------------------
type: dynamic
pathname: /getSingleStudentAllInfo
params: grandNumber=1630341&number=1
---------------------------------------------
type: dynamic
pathname: /getSingleStudentAllInfo
params: grandNumber=1630341&number=3
---------------------------------------------
type: dynamic
pathname: /getSingleStudentAllInfo
params: grandNumber=1630341&number=2
---------------------------------------------
type: dynamic
pathname: /deleteStudent
params: grandNumber=1630341&number=2
---------------------------------------------
type: dynamic
pathname: /getStudentSomeInfo
params: grandNumber=1630341
---------------------------------------------
type: dynamic
pathname: /getStudentSomeInfo
params: grandNumber=1630341
---------------------------------------------
type: dynamic
pathname: /getSingleStudentAllInfo
params: grandNumber=1630341&number=3
---------------------------------------------
type: dynamic
pathname: /isAdmin
params: name=%E5%BC%A0%E4%B8%89&jobNumber=1001
---------------------------------------------
type: dynamic
pathname: /getStudentSomeInfo
params: grandNumber=1630341
---------------------------------------------
type: dynamic
pathname: /getSingleStudentAllInfo
params: grandNumber=1630341&number=1
---------------------------------------------
type: dynamic
pathname: /modifiedGrades
params: grandNumber=1630341&number=1&course=%E8%8B%B1%E8%AF%AD&score=74
---------------------------------------------
type: dynamic
pathname: /addStudent
params: grandNumber=1630341&studentInfo=%7B%22name%22%3A%22%E8%A7%A3%E5%86%B3%22%2C%22age%22%3A%2222%22%2C%22number%22%3A%2242%22%2C%22region%22%3A%22%E6%B1%9F%E8%A5%BF%E7%9C%81%E4%B8%8A%E9%A5%B6%E5%B8%82%E4%BF%A1%E5%B7%9E%E5%8C%BA%22%2C%22date%22%3A%222019-08-23%22%2C%22tel%22%3A%2211111111111%22%2C%22sex%22%3A%22%E7%94%B7%22%2C%22isMember%22%3A0%2C%22isPartyMember%22%3A1%7D
---------------------------------------------
type: dynamic
pathname: /getStudentSomeInfo
params: grandNumber=1630341
---------------------------------------------
type: dynamic
pathname: /getSingleStudentAllInfo
params: grandNumber=1630341&number=42
---------------------------------------------
type: dynamic
pathname: /modifiedGrades
params: grandNumber=1630341&number=42&course=%E8%8B%B1%E8%AF%AD&score=89
---------------------------------------------
type: dynamic
pathname: /deleteStudent
params: grandNumber=1630341&number=42
---------------------------------------------
type: dynamic
pathname: /getStudentSomeInfo
params: grandNumber=1630341
---------------------------------------------
type: dynamic
pathname: /searchStudent
params: grandNumber=1630341&data=%E5%B0%8F
---------------------------------------------
type: dynamic
pathname: /getSingleStudentAllInfo
params: grandNumber=1630341&number=1
---------------------------------------------
type: dynamic
pathname: /searchStudent
params: grandNumber=1630341&data=1
---------------------------------------------
type: dynamic
pathname: /getSingleStudentAllInfo
params: grandNumber=1630341&number=1
---------------------------------------------
type: dynamic
pathname: /isAdmin
params: name=%E5%BC%A0%E4%B8%89&jobNumber=1001
---------------------------------------------
type: dynamic
pathname: /getStudentSomeInfo
params: grandNumber=1630344
---------------------------------------------
type: dynamic
pathname: /isAdmin
params: name=%E5%BC%A0%E4%B8%89&jobNumber=1001
---------------------------------------------
type: dynamic
pathname: /getStudentSomeInfo
params: grandNumber=1630341
---------------------------------------------
type: dynamic
pathname: /getSingleStudentAllInfo
params: grandNumber=1630341&number=1
---------------------------------------------
type: dynamic
pathname: /modifiedGrades
params: grandNumber=1630341&number=1&course=%E8%8B%B1%E8%AF%AD&score=43
---------------------------------------------
type: dynamic
pathname: /addStudent
params: grandNumber=1630341&studentInfo=%7B%22name%22%3A%22%E8%A7%A3%E5%86%B3%22%2C%22age%22%3A%2222%22%2C%22number%22%3A%2232%22%2C%22region%22%3A%22%E6%B1%9F%E8%A5%BF%E7%9C%81%E4%B8%8A%E9%A5%B6%E5%B8%82%E7%8E%89%E5%B1%B1%E5%8E%BF%22%2C%22date%22%3A%222019-08-23%22%2C%22tel%22%3A%2242424242421%22%2C%22sex%22%3A%22%E5%A5%B3%22%2C%22isMember%22%3A0%2C%22isPartyMember%22%3A1%7D
---------------------------------------------
type: dynamic
pathname: /getStudentSomeInfo
params: grandNumber=1630341
---------------------------------------------
type: dynamic
pathname: /getSingleStudentAllInfo
params: grandNumber=1630341&number=32
---------------------------------------------
type: dynamic
pathname: /modifiedGrades
params: grandNumber=1630341&number=32&course=%E8%8B%B1%E8%AF%AD&score=52
---------------------------------------------
type: dynamic
pathname: /deleteStudent
params: grandNumber=1630341&number=32
---------------------------------------------
type: dynamic
pathname: /getStudentSomeInfo
params: grandNumber=1630341
---------------------------------------------
type: dynamic
pathname: /searchStudent
params: grandNumber=1630341&data=1
---------------------------------------------
type: dynamic
pathname: /searchStudent
params: grandNumber=1630341&data=%E5%B0%8F
---------------------------------------------
type: dynamic
pathname: /searchStudent
params: grandNumber=1630341&data=%E5%B0%8F1
---------------------------------------------
type: dynamic
pathname: /getSingleStudentAllInfo
params: grandNumber=1630341&number=1
---------------------------------------------
type: dynamic
pathname: /isAdmin
params: name=%E5%BC%A0%E4%B8%89&jobNumber=1001
---------------------------------------------
type: dynamic
pathname: /getStudentSomeInfo
params: grandNumber=1630341
---------------------------------------------
type: dynamic
pathname: /getSingleStudentAllInfo
params: grandNumber=1630341&number=1
---------------------------------------------
type: dynamic
pathname: /modifiedGrades
params: grandNumber=1630341&number=1&course=%E8%8B%B1%E8%AF%AD&score=63
---------------------------------------------
type: dynamic
pathname: /getStudentSomeInfo
params: grandNumber=1630341
---------------------------------------------
type: dynamic
pathname: /isAdmin
params: name=%E5%BC%A0%E4%B8%89&jobNumber=1001
---------------------------------------------
type: dynamic
pathname: /getStudentSomeInfo
params: grandNumber=1630341
---------------------------------------------
type: dynamic
pathname: /getSingleStudentAllInfo
params: grandNumber=1630341&number=1
---------------------------------------------
type: dynamic
pathname: /modifiedGrades
params: grandNumber=1630341&number=1&course=%E8%8B%B1%E8%AF%AD&score=55
---------------------------------------------
type: dynamic
pathname: /addStudent
params: grandNumber=1630341&studentInfo=%7B%22name%22%3A%22%E7%B9%81%E8%8D%A3%E7%9A%84%E6%98%AF%22%2C%22age%22%3A%2242%22%2C%22number%22%3A%2218%22%2C%22region%22%3A%22%E6%B1%9F%E8%A5%BF%E7%9C%81%E4%B8%8A%E9%A5%B6%E5%B8%82%E7%8E%89%E5%B1%B1%E5%8E%BF%22%2C%22date%22%3A%222019-09-27%22%2C%22tel%22%3A%221888888888%22%2C%22sex%22%3A%22%E5%A5%B3%22%2C%22isMember%22%3A0%2C%22isPartyMember%22%3A0%7D
---------------------------------------------
type: dynamic
pathname: /getStudentSomeInfo
params: grandNumber=1630341
---------------------------------------------
type: dynamic
pathname: /getSingleStudentAllInfo
params: grandNumber=1630341&number=18
---------------------------------------------
type: dynamic
pathname: /modifiedGrades
params: grandNumber=1630341&number=18&course=%E8%8B%B1%E8%AF%AD&score=53
---------------------------------------------
type: dynamic
pathname: /modifiedGrades
params: grandNumber=1630341&number=18&course=%E7%89%A9%E7%90%86&score=42
---------------------------------------------
type: dynamic
pathname: /searchStudent
params: grandNumber=1630341&data=%E5%B0%8F
---------------------------------------------
type: dynamic
pathname: /searchStudent
params: grandNumber=1630341&data=1
---------------------------------------------
type: dynamic
pathname: /searchStudent
params: grandNumber=1630341&data=%E5%B0%8F1
---------------------------------------------
type: dynamic
pathname: /getSingleStudentAllInfo
params: grandNumber=1630341&number=1
---------------------------------------------
